text(3,8) : error : A member value must be an expression. The token "Modulus" is invalid: %
text(3,1) : error : Invalid "expression statement" syntax: the parser expects an end-of-line but encountered the token "}" instead. >>> <expression>